<?xml version="1.0" encoding="UTF-8"?>
<!-- Generated by org.testng.reporters.JUnitReportReporter -->
<testsuite skipped="3" hostname="LAPTOP-7SNE49UA" name="com.clix.clixoerwebsite.HomePage" tests="4" failures="0" timestamp="31 Jul 2020 06:52:15 GMT" time="0.017" errors="1">
  <testcase name="verifyEnglishmodulesinEnglish" time="0.000" classname="com.clix.clixoerwebsite.HomePage">
    <skipped/>
  </testcase> <!-- verifyEnglishmodulesinEnglish -->
  <testcase name="basePageNavigation" time="0.000" classname="com.clix.clixoerwebsite.HomePage">
    <skipped/>
  </testcase> <!-- basePageNavigation -->
  <testcase name="countLinks" time="0.000" classname="com.clix.clixoerwebsite.HomePage">
    <skipped/>
  </testcase> <!-- countLinks -->
  <testcase name="bringup" time="0.017" classname="com.clix.clixoerwebsite.HomePage">
    <error type="java.lang.NullPointerException">
      <![CDATA[java.lang.NullPointerException
at resources.base.initializeDriver(base.java:33)
at com.clix.clixoerwebsite.HomePage.bringup(HomePage.java:26)
at sun.reflect.NativeMethodAccessorImpl.invoke0(Native Method)
at sun.reflect.NativeMethodAccessorImpl.invoke(NativeMethodAccessorImpl.java:62)
at sun.reflect.DelegatingMethodAccessorImpl.invoke(DelegatingMethodAccessorImpl.java:43)
at java.lang.reflect.Method.invoke(Method.java:498)
at org.testng.internal.MethodInvocationHelper.invokeMethod(MethodInvocationHelper.java:124)
at org.testng.internal.MethodInvocationHelper.invokeMethodConsideringTimeout(MethodInvocationHelper.java:59)
at org.testng.internal.Invoker.invokeConfigurationMethod(Invoker.java:458)
at org.testng.internal.Invoker.invokeConfigurations(Invoker.java:222)
at org.testng.internal.Invoker.invokeConfigurations(Invoker.java:142)
at org.testng.TestRunner.beforeRun(TestRunner.java:529)
at org.testng.TestRunner.run(TestRunner.java:497)
at org.testng.SuiteRunner.runTest(SuiteRunner.java:455)
at org.testng.SuiteRunner.access$000(SuiteRunner.java:40)
at org.testng.SuiteRunner$SuiteWorker.run(SuiteRunner.java:489)
at org.testng.internal.thread.ThreadUtil$1.call(ThreadUtil.java:52)
at java.util.concurrent.FutureTask.run(FutureTask.java:266)
at java.util.concurrent.ThreadPoolExecutor.runWorker(ThreadPoolExecutor.java:1149)
at java.util.concurrent.ThreadPoolExecutor$Worker.run(ThreadPoolExecutor.java:624)
at java.lang.Thread.run(Thread.java:748)
]]>
    </error>
  </testcase> <!-- bringup -->
</testsuite> <!-- com.clix.clixoerwebsite.HomePage -->
